array (
  'used' => 37,
  'unused' => 88,
  'allPoint' => '(000)->(010)->(011)->(012)->(013)->(003)->(103)->(102)->(202)->(302)->(402)->(412)->(422)->(322)->(222)->(223)->(323)->(333)->(233)->(232)->(242)->(342)->(332)->(331)->(330)->(340)->(341)->(241)->(240)->(140)->(141)->(142)->(143)->(144)->(244)->(344)->(444)',
  'allPoint1' => '前->上->上->上->后->右->下->右->右->右->前->前->左->左->上->右->前->左->下->前->右->后->下->下->前->上->左->下->左->上->上->上->上->右->右->右',
  'allPoint2' => 'front->up->up->up->back->right->down->right->right->right->front->front->left->left->up->right->front->left->down->front->right->back->down->down->front->up->left->down->left->up->up->up->up->right->right->right',
)
上视图：
---------------第 1 面墙-------------------
☐ ☐ ☐ ☐ ☐
☒ ☐ ☐ ☐ ☒
☒ ☒ ☒ ☒ ☒
☐ ☒ ☒ ☒ ☐
☒ ☒ ☒ ☒ ☐
---------------第 2 面墙-------------------
☐ ☐ ☒ ☒ ☐
☒ ☒ ☒ ☐ ☐
☐ ☒ ☒ ☒ ☒
☐ ☐ ☒ ☒ ☒
☐ ☒ ☒ ☒ ☐
---------------第 3 面墙-------------------
☐ ☐ ☒ ☒ ☒
☐ ☒ ☐ ☒ ☐
☐ ☐ ☐ ☒ ☒
☐ ☒ ☒ ☒ ☒
☒ ☐ ☒ ☒ ☒
---------------第 4 面墙-------------------
☐ ☐ ☒ ☒ ☐
☒ ☐ ☒ ☒ ☒
☐ ☒ ☒ ☒ ☒
☒ ☐ ☐ ☒ ☐
☒ ☒ ☐ ☒ ☐
===========================================================
正视图：
---------------第 1 面墙-------------------
☐ ☐ ☐ ☐ ☐
☐ ☒ ☒ ☐ ☒
☒ ☒ ☒ ☒ ☐
☒ ☒ ☒ ☐ ☒
☐ ☐ ☒ ☐ ☒
---------------第 2 面墙-------------------
☒ ☒ ☒ ☐ ☒
☒ ☐ ☒ ☒ ☐
☒ ☐ ☒ ☒ ☐
☒ ☒ ☐ ☐ ☐
☒ ☐ ☐ ☐ ☐
---------------第 3 面墙-------------------
☒ ☐ ☐ ☒ ☐
☒ ☒ ☒ ☐ ☐
☒ ☐ ☒ ☒ ☒
☒ ☐ ☒ ☒ ☐
☐ ☒ ☒ ☒ ☒
---------------第 4 面墙-------------------
☐ ☒ ☒ ☒ ☒
☒ ☒ ☒ ☒ ☒
☒ ☒ ☐ ☐ ☐
☒ ☒ ☒ ☒ ☒
☐ ☒ ☒ ☐ ☐
===========================================================
右视图：
---------------第 1 面墙-------------------
☐ ☒ ☐ ☒ ☒
☐ ☒ ☒ ☐ ☒
☒ ☒ ☒ ☐ ☐
☐ ☒ ☐ ☐ ☒
☒ ☒ ☐ ☒ ☒
---------------第 2 面墙-------------------
☒ ☒ ☒ ☒ ☐
☒ ☒ ☒ ☒ ☒
☐ ☐ ☒ ☒ ☒
☐ ☐ ☒ ☒ ☒
☐ ☐ ☒ ☐ ☐
---------------第 3 面墙-------------------
☒ ☒ ☐ ☐ ☐
☒ ☐ ☐ ☐ ☐
☐ ☐ ☐ ☒ ☐
☐ ☒ ☐ ☐ ☐
☐ ☒ ☒ ☒ ☒
---------------第 4 面墙-------------------
☐ ☒ ☒ ☐ ☐
☐ ☒ ☒ ☒ ☐
☐ ☒ ☐ ☒ ☒
☒ ☒ ☒ ☒ ☒
☒ ☒ ☐ ☒ ☒
===========================================================
